dh_prep
dh_installdirs
dh_installdebconf
dh_installdocs
dh_installman
dh_installchangelogs
dh_compress
dh_fixperms
dh_installdeb
dh_perl
dh_gencontrol
dh_md5sums
dh_builddeb
dh_builddeb
dh_prep
dh_installdirs
dh_installdebconf
dh_installdocs
dh_installman
dh_installchangelogs
dh_compress
dh_fixperms
dh_installdeb
dh_perl
dh_gencontrol
dh_md5sums
dh_builddeb
dh_builddeb
dh_prep
dh_installdirs
dh_installdebconf
dh_installdocs
dh_installman
dh_installchangelogs
dh_compress
dh_fixperms
dh_installdeb
dh_perl
dh_gencontrol
dh_md5sums
dh_builddeb
dh_builddeb
dh_prep
dh_installdirs
dh_installdebconf
dh_installdocs
dh_installman
dh_installchangelogs
dh_compress
dh_fixperms
dh_installdeb
dh_perl
dh_gencontrol
dh_md5sums
dh_builddeb
dh_builddeb
dh_prep
dh_installdirs
dh_installdebconf
dh_installdocs
dh_installman
dh_installchangelogs
dh_compress
dh_fixperms
dh_installdeb
dh_perl
dh_gencontrol
dh_md5sums
dh_builddeb
dh_builddeb
dh_prep
dh_installdirs
dh_installdebconf
dh_installdocs
dh_installman
dh_installchangelogs
dh_compress
dh_fixperms
dh_installdeb
dh_perl
dh_gencontrol
dh_md5sums
dh_builddeb
dh_builddeb
